2025-11-06 16:14:47 [main] INFO  c.e.bugbounty.BugbountyApplication - Starting BugbountyApplication using Java 21.0.9-ea with PID 379407 (/home/edson/bug-bounty-tcc/backend/target/classes started by edson in /home/edson/bug-bounty-tcc/backend)
2025-11-06 16:14:47 [main] DEBUG c.e.bugbounty.BugbountyApplication - Running with Spring Boot v3.2.5, Spring v6.1.6
2025-11-06 16:14:47 [main] INFO  c.e.bugbounty.BugbountyApplication - No active profile set, falling back to 1 default profile: "default"
2025-11-06 16:14:48 [main] INFO  o.s.d.r.c.RepositoryConfigurationDelegate - Bootstrapping Spring Data JPA repositories in DEFAULT mode.
2025-11-06 16:14:48 [main] INFO  o.s.d.r.c.RepositoryConfigurationDelegate - Finished Spring Data repository scanning in 119 ms. Found 4 JPA repository interfaces.
2025-11-06 16:14:49 [main] INFO  o.s.b.w.e.tomcat.TomcatWebServer - Tomcat initialized with port 8080 (http)
2025-11-06 16:14:49 [main] INFO  o.a.catalina.core.StandardService - Starting service [Tomcat]
2025-11-06 16:14:49 [main] INFO  o.a.catalina.core.StandardEngine - Starting Servlet engine: [Apache Tomcat/10.1.20]
2025-11-06 16:14:49 [main] INFO  o.a.c.c.C.[Tomcat].[localhost].[/] - Initializing Spring embedded WebApplicationContext
2025-11-06 16:14:49 [main] INFO  o.s.b.w.s.c.ServletWebServerApplicationContext - Root WebApplicationContext: initialization completed in 1848 ms
2025-11-06 16:14:49 [main] INFO  com.zaxxer.hikari.HikariDataSource - HikariPool-1 - Starting...
2025-11-06 16:14:50 [main] INFO  com.zaxxer.hikari.pool.HikariPool - HikariPool-1 - Added connection org.postgresql.jdbc.PgConnection@61da0413
2025-11-06 16:14:50 [main] INFO  com.zaxxer.hikari.HikariDataSource - HikariPool-1 - Start completed.
2025-11-06 16:14:50 [main] INFO  o.h.jpa.internal.util.LogHelper - HHH000204: Processing PersistenceUnitInfo [name: default]
2025-11-06 16:14:50 [main] INFO  org.hibernate.Version - HHH000412: Hibernate ORM core version 6.4.4.Final
2025-11-06 16:14:50 [main] INFO  o.h.c.i.RegionFactoryInitiator - HHH000026: Second-level cache disabled
2025-11-06 16:14:50 [main] INFO  o.s.o.j.p.SpringPersistenceUnitInfo - No LoadTimeWeaver setup: ignoring JPA class transformer
2025-11-06 16:14:50 [main] WARN  org.hibernate.orm.deprecation - HHH90000025: PostgreSQLDialect does not need to be specified explicitly using 'hibernate.dialect' (remove the property setting and it will be selected by default)
2025-11-06 16:14:50 [main] DEBUG o.h.t.d.sql.spi.DdlTypeRegistry - addDescriptor(2003, org.hibernate.type.descriptor.sql.internal.ArrayDdlTypeImpl@22899683) replaced previous registration(org.hibernate.type.descriptor.sql.internal.ArrayDdlTypeImpl@40017e98)
2025-11-06 16:14:50 [main] DEBUG o.h.t.d.sql.spi.DdlTypeRegistry - addDescriptor(6, org.hibernate.type.descriptor.sql.internal.CapacityDependentDdlType@4fbe486c) replaced previous registration(org.hibernate.type.descriptor.sql.internal.DdlTypeImpl@dbc7e0a)
2025-11-06 16:14:51 [main] INFO  o.h.e.t.j.p.i.JtaPlatformInitiator - HHH000489: No JTA platform available (set 'hibernate.transaction.jta.platform' to enable JTA platform integration)
2025-11-06 16:14:51 [main] INFO  o.s.o.j.LocalContainerEntityManagerFactoryBean - Initialized JPA EntityManagerFactory for persistence unit 'default'
2025-11-06 16:14:52 [main] INFO  c.e.b.service.VulnerabilityService - VulnerabilityService inicializado com 130 testes
2025-11-06 16:14:52 [main] INFO  c.example.bugbounty.config.AppConfig - ✅ Registrando WebSocket no endpoint /ws
2025-11-06 16:14:52 [main] WARN  o.s.b.a.o.j.JpaBaseConfiguration$JpaWebConfiguration - spring.jpa.open-in-view is enabled by default. Therefore, database queries may be performed during view rendering. Explicitly configure spring.jpa.open-in-view to disable this warning
2025-11-06 16:14:52 [main] INFO  o.s.s.web.DefaultSecurityFilterChain - Will secure any request with [org.springframework.security.web.session.DisableEncodeUrlFilter@549b26d7, org.springframework.security.web.context.request.async.WebAsyncManagerIntegrationFilter@2c9430c6, org.springframework.security.web.context.SecurityContextHolderFilter@74597c37, org.springframework.security.web.header.HeaderWriterFilter@3dd8b40e, org.springframework.web.filter.CorsFilter@66978c15, org.springframework.security.web.authentication.logout.LogoutFilter@522221e1, org.springframework.security.web.savedrequest.RequestCacheAwareFilter@421c057a, org.springframework.security.web.servletapi.SecurityContextHolderAwareRequestFilter@16448827, org.springframework.security.web.authentication.AnonymousAuthenticationFilter@6c96dc5c, org.springframework.security.web.access.ExceptionTranslationFilter@58dd1d0c, org.springframework.security.web.access.intercept.AuthorizationFilter@1deca369]
2025-11-06 16:14:53 [main] INFO  o.s.b.w.e.tomcat.TomcatWebServer - Tomcat started on port 8080 (http) with context path ''
2025-11-06 16:14:53 [main] INFO  c.e.bugbounty.BugbountyApplication - Started BugbountyApplication in 6.273 seconds (process running for 6.628)
2025-11-06 16:16:50 [http-nio-8080-exec-1] INFO  o.a.c.c.C.[Tomcat].[localhost].[/] - Initializing Spring DispatcherServlet 'dispatcherServlet'
2025-11-06 16:16:50 [http-nio-8080-exec-1] INFO  o.s.web.servlet.DispatcherServlet - Initializing Servlet 'dispatcherServlet'
2025-11-06 16:16:50 [http-nio-8080-exec-1] INFO  o.s.web.servlet.DispatcherServlet - Completed initialization in 1 ms
2025-11-06 16:16:50 [http-nio-8080-exec-2] DEBUG org.hibernate.SQL - 
    select
        u1_0.id,
        u1_0.email,
        u1_0.enabled,
        u1_0.mfa_enabled,
        u1_0.mfa_secret,
        u1_0.password,
        u1_0.recovery_codes,
        u1_0.reset_token,
        u1_0.reset_token_expiry,
        u1_0.username 
    from
        users u1_0 
    where
        u1_0.username=?
2025-11-06 16:16:50 [http-nio-8080-exec-2] DEBUG org.hibernate.SQL - 
    select
        u1_0.id,
        u1_0.email,
        u1_0.enabled,
        u1_0.mfa_enabled,
        u1_0.mfa_secret,
        u1_0.password,
        u1_0.recovery_codes,
        u1_0.reset_token,
        u1_0.reset_token_expiry,
        u1_0.username 
    from
        users u1_0 
    where
        u1_0.email=?
2025-11-06 16:16:53 [http-nio-8080-exec-5] DEBUG org.hibernate.SQL - 
    select
        j1_0.id,
        j1_0.created_at,
        j1_0.description,
        j1_0.impact,
        j1_0.reportPath,
        j1_0.severity,
        j1_0.status,
        j1_0.targetUrl,
        j1_0.vulnerabilityType 
    from
        jobs j1_0
2025-11-06 16:16:53 [http-nio-8080-exec-6] DEBUG org.hibernate.SQL - 
    select
        j1_0.id,
        j1_0.created_at,
        j1_0.description,
        j1_0.impact,
        j1_0.reportPath,
        j1_0.severity,
        j1_0.status,
        j1_0.targetUrl,
        j1_0.vulnerabilityType 
    from
        jobs j1_0
2025-11-06 16:18:17 [http-nio-8080-exec-1] DEBUG org.hibernate.SQL - 
    insert 
    into
        jobs
        (created_at, description, impact, reportPath, severity, status, targetUrl, vulnerabilityType) 
    values
        (?, ?, ?, ?, ?, ?, ?, ?)
2025-11-06 16:18:17 [http-nio-8080-exec-3] DEBUG org.hibernate.SQL - 
    select
        j1_0.id,
        j1_0.created_at,
        j1_0.description,
        j1_0.impact,
        j1_0.reportPath,
        j1_0.severity,
        j1_0.status,
        j1_0.targetUrl,
        j1_0.vulnerabilityType 
    from
        jobs j1_0
2025-11-06 16:18:31 [http-nio-8080-exec-6] DEBUG org.hibernate.SQL - 
    insert 
    into
        jobs
        (created_at, description, impact, reportPath, severity, status, targetUrl, vulnerabilityType) 
    values
        (?, ?, ?, ?, ?, ?, ?, ?)
2025-11-06 16:18:31 [http-nio-8080-exec-8] DEBUG org.hibernate.SQL - 
    select
        j1_0.id,
        j1_0.created_at,
        j1_0.description,
        j1_0.impact,
        j1_0.reportPath,
        j1_0.severity,
        j1_0.status,
        j1_0.targetUrl,
        j1_0.vulnerabilityType 
    from
        jobs j1_0
2025-11-06 16:18:51 [SpringApplicationShutdownHook] INFO  o.s.o.j.LocalContainerEntityManagerFactoryBean - Closing JPA EntityManagerFactory for persistence unit 'default'
2025-11-06 16:18:51 [SpringApplicationShutdownHook] INFO  com.zaxxer.hikari.HikariDataSource - HikariPool-1 - Shutdown initiated...
2025-11-06 16:18:51 [SpringApplicationShutdownHook] INFO  com.zaxxer.hikari.HikariDataSource - HikariPool-1 - Shutdown completed.
2025-11-06 16:36:35 [main] INFO  c.e.bugbounty.BugbountyApplication - Starting BugbountyApplication using Java 21.0.9-ea with PID 418748 (/home/edson/bug-bounty-tcc/backend/target/classes started by edson in /home/edson/bug-bounty-tcc/backend)
2025-11-06 16:36:35 [main] DEBUG c.e.bugbounty.BugbountyApplication - Running with Spring Boot v3.2.5, Spring v6.1.6
2025-11-06 16:36:35 [main] INFO  c.e.bugbounty.BugbountyApplication - No active profile set, falling back to 1 default profile: "default"
2025-11-06 16:36:36 [main] INFO  o.s.d.r.c.RepositoryConfigurationDelegate - Bootstrapping Spring Data JPA repositories in DEFAULT mode.
2025-11-06 16:36:36 [main] INFO  o.s.d.r.c.RepositoryConfigurationDelegate - Finished Spring Data repository scanning in 97 ms. Found 4 JPA repository interfaces.
2025-11-06 16:36:37 [main] INFO  o.s.b.w.e.tomcat.TomcatWebServer - Tomcat initialized with port 8080 (http)
2025-11-06 16:36:37 [main] INFO  o.a.catalina.core.StandardService - Starting service [Tomcat]
2025-11-06 16:36:37 [main] INFO  o.a.catalina.core.StandardEngine - Starting Servlet engine: [Apache Tomcat/10.1.20]
2025-11-06 16:36:37 [main] INFO  o.a.c.c.C.[Tomcat].[localhost].[/] - Initializing Spring embedded WebApplicationContext
2025-11-06 16:36:37 [main] INFO  o.s.b.w.s.c.ServletWebServerApplicationContext - Root WebApplicationContext: initialization completed in 1949 ms
2025-11-06 16:36:37 [main] INFO  com.zaxxer.hikari.HikariDataSource - HikariPool-1 - Starting...
2025-11-06 16:36:37 [main] INFO  com.zaxxer.hikari.pool.HikariPool - HikariPool-1 - Added connection org.postgresql.jdbc.PgConnection@6aae0e6f
2025-11-06 16:36:37 [main] INFO  com.zaxxer.hikari.HikariDataSource - HikariPool-1 - Start completed.
2025-11-06 16:36:37 [main] INFO  o.h.jpa.internal.util.LogHelper - HHH000204: Processing PersistenceUnitInfo [name: default]
2025-11-06 16:36:37 [main] INFO  org.hibernate.Version - HHH000412: Hibernate ORM core version 6.4.4.Final
2025-11-06 16:36:37 [main] INFO  o.h.c.i.RegionFactoryInitiator - HHH000026: Second-level cache disabled
2025-11-06 16:36:38 [main] INFO  o.s.o.j.p.SpringPersistenceUnitInfo - No LoadTimeWeaver setup: ignoring JPA class transformer
2025-11-06 16:36:38 [main] WARN  org.hibernate.orm.deprecation - HHH90000025: PostgreSQLDialect does not need to be specified explicitly using 'hibernate.dialect' (remove the property setting and it will be selected by default)
2025-11-06 16:36:38 [main] DEBUG o.h.t.d.sql.spi.DdlTypeRegistry - addDescriptor(2003, org.hibernate.type.descriptor.sql.internal.ArrayDdlTypeImpl@7d18338b) replaced previous registration(org.hibernate.type.descriptor.sql.internal.ArrayDdlTypeImpl@3f4a605f)
2025-11-06 16:36:38 [main] DEBUG o.h.t.d.sql.spi.DdlTypeRegistry - addDescriptor(6, org.hibernate.type.descriptor.sql.internal.CapacityDependentDdlType@30c8c6ab) replaced previous registration(org.hibernate.type.descriptor.sql.internal.DdlTypeImpl@bcfe29c)
2025-11-06 16:36:39 [main] INFO  o.h.e.t.j.p.i.JtaPlatformInitiator - HHH000489: No JTA platform available (set 'hibernate.transaction.jta.platform' to enable JTA platform integration)
2025-11-06 16:36:39 [main] INFO  o.s.o.j.LocalContainerEntityManagerFactoryBean - Initialized JPA EntityManagerFactory for persistence unit 'default'
2025-11-06 16:36:39 [main] INFO  c.e.b.service.VulnerabilityService - VulnerabilityService inicializado com 130 testes
2025-11-06 16:36:39 [main] INFO  c.example.bugbounty.config.AppConfig - ✅ Registrando WebSocket no endpoint /ws
2025-11-06 16:36:40 [main] WARN  o.s.b.a.o.j.JpaBaseConfiguration$JpaWebConfiguration - spring.jpa.open-in-view is enabled by default. Therefore, database queries may be performed during view rendering. Explicitly configure spring.jpa.open-in-view to disable this warning
2025-11-06 16:36:40 [main] INFO  o.s.s.web.DefaultSecurityFilterChain - Will secure any request with [org.springframework.security.web.session.DisableEncodeUrlFilter@74597c37, org.springframework.security.web.context.request.async.WebAsyncManagerIntegrationFilter@cd9ce76, org.springframework.security.web.context.SecurityContextHolderFilter@4f70b659, org.springframework.security.web.header.HeaderWriterFilter@1e5921ec, org.springframework.web.filter.CorsFilter@421c057a, org.springframework.security.web.authentication.logout.LogoutFilter@17e323fd, org.springframework.security.web.savedrequest.RequestCacheAwareFilter@73ba3c4b, org.springframework.security.web.servletapi.SecurityContextHolderAwareRequestFilter@304933cb, org.springframework.security.web.authentication.AnonymousAuthenticationFilter@16448827, org.springframework.security.web.access.ExceptionTranslationFilter@2b551e7b, org.springframework.security.web.access.intercept.AuthorizationFilter@3dd8b40e]
2025-11-06 16:36:40 [main] INFO  o.s.b.w.e.tomcat.TomcatWebServer - Tomcat started on port 8080 (http) with context path ''
2025-11-06 16:36:40 [main] INFO  c.e.bugbounty.BugbountyApplication - Started BugbountyApplication in 6.297 seconds (process running for 6.692)
2025-11-06 16:53:10 [http-nio-8080-exec-1] INFO  o.a.c.c.C.[Tomcat].[localhost].[/] - Initializing Spring DispatcherServlet 'dispatcherServlet'
2025-11-06 16:53:10 [http-nio-8080-exec-1] INFO  o.s.web.servlet.DispatcherServlet - Initializing Servlet 'dispatcherServlet'
2025-11-06 16:53:10 [http-nio-8080-exec-1] INFO  o.s.web.servlet.DispatcherServlet - Completed initialization in 1 ms
2025-11-06 16:53:10 [http-nio-8080-exec-2] DEBUG org.hibernate.SQL - 
    insert 
    into
        jobs
        (created_at, description, impact, reportPath, severity, status, targetUrl, vulnerabilityType) 
    values
        (?, ?, ?, ?, ?, ?, ?, ?)
2025-11-06 16:53:11 [http-nio-8080-exec-4] DEBUG org.hibernate.SQL - 
    select
        j1_0.id,
        j1_0.created_at,
        j1_0.description,
        j1_0.impact,
        j1_0.reportPath,
        j1_0.severity,
        j1_0.status,
        j1_0.targetUrl,
        j1_0.vulnerabilityType 
    from
        jobs j1_0
2025-11-06 16:53:50 [http-nio-8080-exec-7] DEBUG org.hibernate.SQL - 
    select
        l1_0.id,
        l1_0.code,
        l1_0.completed,
        l1_0.name 
    from
        labs l1_0
2025-11-06 16:53:50 [http-nio-8080-exec-9] DEBUG org.hibernate.SQL - 
    select
        l1_0.id,
        l1_0.code,
        l1_0.completed,
        l1_0.name 
    from
        labs l1_0
2025-11-06 17:12:20 [http-nio-8080-exec-5] DEBUG c.e.b.s.CustomUserDetailsService - 🟡 Carregando UserDetails para: zz
2025-11-06 17:12:20 [http-nio-8080-exec-4] DEBUG c.e.b.s.CustomUserDetailsService - 🟡 Carregando UserDetails para: zz
2025-11-06 17:12:20 [http-nio-8080-exec-5] DEBUG org.hibernate.SQL - 
    select
        u1_0.id,
        u1_0.email,
        u1_0.enabled,
        u1_0.mfa_enabled,
        u1_0.mfa_secret,
        u1_0.password,
        u1_0.recovery_codes,
        u1_0.reset_token,
        u1_0.reset_token_expiry,
        u1_0.username 
    from
        users u1_0 
    where
        u1_0.username=?
2025-11-06 17:12:20 [http-nio-8080-exec-4] DEBUG org.hibernate.SQL - 
    select
        u1_0.id,
        u1_0.email,
        u1_0.enabled,
        u1_0.mfa_enabled,
        u1_0.mfa_secret,
        u1_0.password,
        u1_0.recovery_codes,
        u1_0.reset_token,
        u1_0.reset_token_expiry,
        u1_0.username 
    from
        users u1_0 
    where
        u1_0.username=?
2025-11-06 17:12:20 [http-nio-8080-exec-5] DEBUG org.hibernate.SQL - 
    select
        u1_0.id,
        u1_0.email,
        u1_0.enabled,
        u1_0.mfa_enabled,
        u1_0.mfa_secret,
        u1_0.password,
        u1_0.recovery_codes,
        u1_0.reset_token,
        u1_0.reset_token_expiry,
        u1_0.username 
    from
        users u1_0 
    where
        u1_0.username=?
2025-11-06 17:12:20 [http-nio-8080-exec-4] DEBUG org.hibernate.SQL - 
    select
        u1_0.id,
        u1_0.email,
        u1_0.enabled,
        u1_0.mfa_enabled,
        u1_0.mfa_secret,
        u1_0.password,
        u1_0.recovery_codes,
        u1_0.reset_token,
        u1_0.reset_token_expiry,
        u1_0.username 
    from
        users u1_0 
    where
        u1_0.username=?
2025-11-06 17:24:30 [SpringApplicationShutdownHook] INFO  o.s.o.j.LocalContainerEntityManagerFactoryBean - Closing JPA EntityManagerFactory for persistence unit 'default'
2025-11-06 17:24:30 [SpringApplicationShutdownHook] INFO  com.zaxxer.hikari.HikariDataSource - HikariPool-1 - Shutdown initiated...
2025-11-06 17:24:30 [SpringApplicationShutdownHook] INFO  com.zaxxer.hikari.HikariDataSource - HikariPool-1 - Shutdown completed.
2025-11-06 17:24:48 [main] INFO  c.e.bugbounty.BugbountyApplication - Starting BugbountyApplication using Java 21.0.9-ea with PID 493987 (/home/edson/bug-bounty-tcc/backend/target/classes started by edson in /home/edson/bug-bounty-tcc/backend)
2025-11-06 17:24:48 [main] DEBUG c.e.bugbounty.BugbountyApplication - Running with Spring Boot v3.2.5, Spring v6.1.6
2025-11-06 17:24:48 [main] INFO  c.e.bugbounty.BugbountyApplication - No active profile set, falling back to 1 default profile: "default"
2025-11-06 17:24:49 [main] INFO  o.s.d.r.c.RepositoryConfigurationDelegate - Bootstrapping Spring Data JPA repositories in DEFAULT mode.
2025-11-06 17:24:49 [main] INFO  o.s.d.r.c.RepositoryConfigurationDelegate - Finished Spring Data repository scanning in 74 ms. Found 4 JPA repository interfaces.
2025-11-06 17:24:50 [main] INFO  o.s.b.w.e.tomcat.TomcatWebServer - Tomcat initialized with port 8080 (http)
2025-11-06 17:24:50 [main] INFO  o.a.catalina.core.StandardService - Starting service [Tomcat]
2025-11-06 17:24:50 [main] INFO  o.a.catalina.core.StandardEngine - Starting Servlet engine: [Apache Tomcat/10.1.20]
2025-11-06 17:24:50 [main] INFO  o.a.c.c.C.[Tomcat].[localhost].[/] - Initializing Spring embedded WebApplicationContext
2025-11-06 17:24:50 [main] INFO  o.s.b.w.s.c.ServletWebServerApplicationContext - Root WebApplicationContext: initialization completed in 2123 ms
2025-11-06 17:24:50 [main] INFO  com.zaxxer.hikari.HikariDataSource - HikariPool-1 - Starting...
2025-11-06 17:24:51 [main] INFO  com.zaxxer.hikari.pool.HikariPool - HikariPool-1 - Added connection org.postgresql.jdbc.PgConnection@1e2445f6
2025-11-06 17:24:51 [main] INFO  com.zaxxer.hikari.HikariDataSource - HikariPool-1 - Start completed.
2025-11-06 17:24:51 [main] INFO  o.h.jpa.internal.util.LogHelper - HHH000204: Processing PersistenceUnitInfo [name: default]
2025-11-06 17:24:51 [main] INFO  org.hibernate.Version - HHH000412: Hibernate ORM core version 6.4.4.Final
2025-11-06 17:24:51 [main] INFO  o.h.c.i.RegionFactoryInitiator - HHH000026: Second-level cache disabled
2025-11-06 17:24:51 [main] INFO  o.s.o.j.p.SpringPersistenceUnitInfo - No LoadTimeWeaver setup: ignoring JPA class transformer
2025-11-06 17:24:51 [main] WARN  org.hibernate.orm.deprecation - HHH90000025: PostgreSQLDialect does not need to be specified explicitly using 'hibernate.dialect' (remove the property setting and it will be selected by default)
2025-11-06 17:24:51 [main] DEBUG o.h.t.d.sql.spi.DdlTypeRegistry - addDescriptor(2003, org.hibernate.type.descriptor.sql.internal.ArrayDdlTypeImpl@59f76e56) replaced previous registration(org.hibernate.type.descriptor.sql.internal.ArrayDdlTypeImpl@566f4659)
2025-11-06 17:24:51 [main] DEBUG o.h.t.d.sql.spi.DdlTypeRegistry - addDescriptor(6, org.hibernate.type.descriptor.sql.internal.CapacityDependentDdlType@1328f482) replaced previous registration(org.hibernate.type.descriptor.sql.internal.DdlTypeImpl@7b8b07ae)
2025-11-06 17:24:52 [main] INFO  o.h.e.t.j.p.i.JtaPlatformInitiator - HHH000489: No JTA platform available (set 'hibernate.transaction.jta.platform' to enable JTA platform integration)
2025-11-06 17:24:52 [main] INFO  o.s.o.j.LocalContainerEntityManagerFactoryBean - Initialized JPA EntityManagerFactory for persistence unit 'default'
2025-11-06 17:24:53 [main] INFO  c.e.b.service.VulnerabilityService - VulnerabilityService inicializado com 130 testes
2025-11-06 17:24:53 [main] INFO  c.example.bugbounty.config.AppConfig - ✅ Registrando WebSocket no endpoint /ws
2025-11-06 17:24:53 [main] WARN  o.s.b.a.o.j.JpaBaseConfiguration$JpaWebConfiguration - spring.jpa.open-in-view is enabled by default. Therefore, database queries may be performed during view rendering. Explicitly configure spring.jpa.open-in-view to disable this warning
2025-11-06 17:24:53 [main] WARN  o.s.b.w.s.c.AnnotationConfigServletWebServerApplicationContext - Exception encountered during context initialization - cancelling refresh attempt: org.springframework.beans.factory.BeanCreationException: Error creating bean with name 'securityFilterChain' defined in class path resource [com/example/bugbounty/config/SecurityConfig.class]: Failed to instantiate [org.springframework.security.web.SecurityFilterChain]: Factory method 'securityFilterChain' threw exception with message: Error creating bean with name 'mvcHandlerMappingIntrospector' defined in class path resource [org/springframework/boot/autoconfigure/web/servlet/WebMvcAutoConfiguration$EnableWebMvcConfiguration.class]: Error creating bean with name 'requestMappingHandlerMapping' defined in class path resource [org/springframework/boot/autoconfigure/web/servlet/WebMvcAutoConfiguration$EnableWebMvcConfiguration.class]: Ambiguous mapping. Cannot map 'unifiedVulnerabilityController' method 
com.example.bugbounty.controller.UnifiedVulnerabilityController#getCompletedLabs()
to {GET [/api/labs/completed]}: There is already 'labController' bean method
com.example.bugbounty.controller.LabController#getCompletedLabs() mapped.
2025-11-06 17:24:53 [main] INFO  o.s.o.j.LocalContainerEntityManagerFactoryBean - Closing JPA EntityManagerFactory for persistence unit 'default'
2025-11-06 17:24:53 [main] INFO  com.zaxxer.hikari.HikariDataSource - HikariPool-1 - Shutdown initiated...
2025-11-06 17:24:53 [main] INFO  com.zaxxer.hikari.HikariDataSource - HikariPool-1 - Shutdown completed.
2025-11-06 17:24:53 [main] INFO  o.a.catalina.core.StandardService - Stopping service [Tomcat]
2025-11-06 17:24:53 [main] INFO  o.s.b.a.l.ConditionEvaluationReportLogger - 

Error starting ApplicationContext. To display the condition evaluation report re-run your application with 'debug' enabled.
2025-11-06 17:24:53 [main] ERROR o.s.boot.SpringApplication - Application run failed
org.springframework.beans.factory.BeanCreationException: Error creating bean with name 'securityFilterChain' defined in class path resource [com/example/bugbounty/config/SecurityConfig.class]: Failed to instantiate [org.springframework.security.web.SecurityFilterChain]: Factory method 'securityFilterChain' threw exception with message: Error creating bean with name 'mvcHandlerMappingIntrospector' defined in class path resource [org/springframework/boot/autoconfigure/web/servlet/WebMvcAutoConfiguration$EnableWebMvcConfiguration.class]: Error creating bean with name 'requestMappingHandlerMapping' defined in class path resource [org/springframework/boot/autoconfigure/web/servlet/WebMvcAutoConfiguration$EnableWebMvcConfiguration.class]: Ambiguous mapping. Cannot map 'unifiedVulnerabilityController' method 
com.example.bugbounty.controller.UnifiedVulnerabilityController#getCompletedLabs()
to {GET [/api/labs/completed]}: There is already 'labController' bean method
com.example.bugbounty.controller.LabController#getCompletedLabs() mapped.
	at org.springframework.beans.factory.support.ConstructorResolver.instantiate(ConstructorResolver.java:648)
	at org.springframework.beans.factory.support.ConstructorResolver.instantiateUsingFactoryMethod(ConstructorResolver.java:636)
	at org.springframework.beans.factory.support.AbstractAutowireCapableBeanFactory.instantiateUsingFactoryMethod(AbstractAutowireCapableBeanFactory.java:1335)
	at org.springframework.beans.factory.support.AbstractAutowireCapableBeanFactory.createBeanInstance(AbstractAutowireCapableBeanFactory.java:1165)
	at org.springframework.beans.factory.support.AbstractAutowireCapableBeanFactory.doCreateBean(AbstractAutowireCapableBeanFactory.java:562)
	at org.springframework.beans.factory.support.AbstractAutowireCapableBeanFactory.createBean(AbstractAutowireCapableBeanFactory.java:522)
	at org.springframework.beans.factory.support.AbstractBeanFactory.lambda$doGetBean$0(AbstractBeanFactory.java:326)
	at org.springframework.beans.factory.support.DefaultSingletonBeanRegistry.getSingleton(DefaultSingletonBeanRegistry.java:234)
	at org.springframework.beans.factory.support.AbstractBeanFactory.doGetBean(AbstractBeanFactory.java:324)
	at org.springframework.beans.factory.support.AbstractBeanFactory.getBean(AbstractBeanFactory.java:200)
	at org.springframework.beans.factory.support.DefaultListableBeanFactory.preInstantiateSingletons(DefaultListableBeanFactory.java:975)
	at org.springframework.context.support.AbstractApplicationContext.finishBeanFactoryInitialization(AbstractApplicationContext.java:962)
	at org.springframework.context.support.AbstractApplicationContext.refresh(AbstractApplicationContext.java:624)
	at org.springframework.boot.web.servlet.context.ServletWebServerApplicationContext.refresh(ServletWebServerApplicationContext.java:146)
	at org.springframework.boot.SpringApplication.refresh(SpringApplication.java:754)
	at org.springframework.boot.SpringApplication.refreshContext(SpringApplication.java:456)
	at org.springframework.boot.SpringApplication.run(SpringApplication.java:334)
	at org.springframework.boot.SpringApplication.run(SpringApplication.java:1354)
	at org.springframework.boot.SpringApplication.run(SpringApplication.java:1343)
	at com.example.bugbounty.BugbountyApplication.main(BugbountyApplication.java:9)
Caused by: org.springframework.beans.BeanInstantiationException: Failed to instantiate [org.springframework.security.web.SecurityFilterChain]: Factory method 'securityFilterChain' threw exception with message: Error creating bean with name 'mvcHandlerMappingIntrospector' defined in class path resource [org/springframework/boot/autoconfigure/web/servlet/WebMvcAutoConfiguration$EnableWebMvcConfiguration.class]: Error creating bean with name 'requestMappingHandlerMapping' defined in class path resource [org/springframework/boot/autoconfigure/web/servlet/WebMvcAutoConfiguration$EnableWebMvcConfiguration.class]: Ambiguous mapping. Cannot map 'unifiedVulnerabilityController' method 
com.example.bugbounty.controller.UnifiedVulnerabilityController#getCompletedLabs()
to {GET [/api/labs/completed]}: There is already 'labController' bean method
com.example.bugbounty.controller.LabController#getCompletedLabs() mapped.
	at org.springframework.beans.factory.support.SimpleInstantiationStrategy.instantiate(SimpleInstantiationStrategy.java:177)
	at org.springframework.beans.factory.support.ConstructorResolver.instantiate(ConstructorResolver.java:644)
	... 19 common frames omitted
Caused by: org.springframework.beans.factory.BeanCreationException: Error creating bean with name 'mvcHandlerMappingIntrospector' defined in class path resource [org/springframework/boot/autoconfigure/web/servlet/WebMvcAutoConfiguration$EnableWebMvcConfiguration.class]: Error creating bean with name 'requestMappingHandlerMapping' defined in class path resource [org/springframework/boot/autoconfigure/web/servlet/WebMvcAutoConfiguration$EnableWebMvcConfiguration.class]: Ambiguous mapping. Cannot map 'unifiedVulnerabilityController' method 
com.example.bugbounty.controller.UnifiedVulnerabilityController#getCompletedLabs()
to {GET [/api/labs/completed]}: There is already 'labController' bean method
com.example.bugbounty.controller.LabController#getCompletedLabs() mapped.
	at org.springframework.beans.factory.support.AbstractAutowireCapableBeanFactory.initializeBean(AbstractAutowireCapableBeanFactory.java:1786)
	at org.springframework.beans.factory.support.AbstractAutowireCapableBeanFactory.doCreateBean(AbstractAutowireCapableBeanFactory.java:600)
	at org.springframework.beans.factory.support.AbstractAutowireCapableBeanFactory.createBean(AbstractAutowireCapableBeanFactory.java:522)
	at org.springframework.beans.factory.support.AbstractBeanFactory.lambda$doGetBean$0(AbstractBeanFactory.java:326)
	at org.springframework.beans.factory.support.DefaultSingletonBeanRegistry.getSingleton(DefaultSingletonBeanRegistry.java:234)
	at org.springframework.beans.factory.support.AbstractBeanFactory.doGetBean(AbstractBeanFactory.java:324)
	at org.springframework.beans.factory.support.AbstractBeanFactory.getBean(AbstractBeanFactory.java:205)
	at org.springframework.context.support.AbstractApplicationContext.getBean(AbstractApplicationContext.java:1240)
	at org.springframework.security.config.annotation.web.AbstractRequestMatcherRegistry.createMvcMatchers(AbstractRequestMatcherRegistry.java:119)
	at org.springframework.security.config.annotation.web.AbstractRequestMatcherRegistry.requestMatchers(AbstractRequestMatcherRegistry.java:210)
	at org.springframework.security.config.annotation.web.AbstractRequestMatcherRegistry.requestMatchers(AbstractRequestMatcherRegistry.java:368)
	at com.example.bugbounty.config.SecurityConfig.lambda$securityFilterChain$2(SecurityConfig.java:35)
	at org.springframework.security.config.annotation.web.builders.HttpSecurity.authorizeHttpRequests(HttpSecurity.java:1467)
	at com.example.bugbounty.config.SecurityConfig.securityFilterChain(SecurityConfig.java:34)
	at com.example.bugbounty.config.SecurityConfig$$SpringCGLIB$$0.CGLIB$securityFilterChain$1(<generated>)
	at com.example.bugbounty.config.SecurityConfig$$SpringCGLIB$$FastClass$$1.invoke(<generated>)
	at org.springframework.cglib.proxy.MethodProxy.invokeSuper(MethodProxy.java:258)
	at org.springframework.context.annotation.ConfigurationClassEnhancer$BeanMethodInterceptor.intercept(ConfigurationClassEnhancer.java:331)
	at com.example.bugbounty.config.SecurityConfig$$SpringCGLIB$$0.securityFilterChain(<generated>)
	at java.base/jdk.internal.reflect.DirectMethodHandleAccessor.invoke(DirectMethodHandleAccessor.java:103)
	at java.base/java.lang.reflect.Method.invoke(Method.java:580)
	at org.springframework.beans.factory.support.SimpleInstantiationStrategy.instantiate(SimpleInstantiationStrategy.java:140)
	... 20 common frames omitted
Caused by: org.springframework.beans.factory.BeanCreationException: Error creating bean with name 'requestMappingHandlerMapping' defined in class path resource [org/springframework/boot/autoconfigure/web/servlet/WebMvcAutoConfiguration$EnableWebMvcConfiguration.class]: Ambiguous mapping. Cannot map 'unifiedVulnerabilityController' method 
com.example.bugbounty.controller.UnifiedVulnerabilityController#getCompletedLabs()
to {GET [/api/labs/completed]}: There is already 'labController' bean method
com.example.bugbounty.controller.LabController#getCompletedLabs() mapped.
	at org.springframework.beans.factory.support.AbstractAutowireCapableBeanFactory.initializeBean(AbstractAutowireCapableBeanFactory.java:1786)
	at org.springframework.beans.factory.support.AbstractAutowireCapableBeanFactory.doCreateBean(AbstractAutowireCapableBeanFactory.java:600)
	at org.springframework.beans.factory.support.AbstractAutowireCapableBeanFactory.createBean(AbstractAutowireCapableBeanFactory.java:522)
	at org.springframework.beans.factory.support.AbstractBeanFactory.lambda$doGetBean$0(AbstractBeanFactory.java:326)
	at org.springframework.beans.factory.support.DefaultSingletonBeanRegistry.getSingleton(DefaultSingletonBeanRegistry.java:234)
	at org.springframework.beans.factory.support.AbstractBeanFactory.doGetBean(AbstractBeanFactory.java:324)
	at org.springframework.beans.factory.support.AbstractBeanFactory.getBean(AbstractBeanFactory.java:200)
	at org.springframework.beans.factory.support.DefaultListableBeanFactory.getBeansOfType(DefaultListableBeanFactory.java:665)
	at org.springframework.context.support.AbstractApplicationContext.getBeansOfType(AbstractApplicationContext.java:1388)
	at org.springframework.beans.factory.BeanFactoryUtils.beansOfTypeIncludingAncestors(BeanFactoryUtils.java:368)
	at org.springframework.web.servlet.handler.HandlerMappingIntrospector.initHandlerMappings(HandlerMappingIntrospector.java:130)
	at org.springframework.web.servlet.handler.HandlerMappingIntrospector.afterPropertiesSet(HandlerMappingIntrospector.java:118)
	at org.springframework.beans.factory.support.AbstractAutowireCapableBeanFactory.invokeInitMethods(AbstractAutowireCapableBeanFactory.java:1833)
	at org.springframework.beans.factory.support.AbstractAutowireCapableBeanFactory.initializeBean(AbstractAutowireCapableBeanFactory.java:1782)
	... 41 common frames omitted
Caused by: java.lang.IllegalStateException: Ambiguous mapping. Cannot map 'unifiedVulnerabilityController' method 
com.example.bugbounty.controller.UnifiedVulnerabilityController#getCompletedLabs()
to {GET [/api/labs/completed]}: There is already 'labController' bean method
com.example.bugbounty.controller.LabController#getCompletedLabs() mapped.
	at org.springframework.web.servlet.handler.AbstractHandlerMethodMapping$MappingRegistry.validateMethodMapping(AbstractHandlerMethodMapping.java:674)
	at org.springframework.web.servlet.handler.AbstractHandlerMethodMapping$MappingRegistry.register(AbstractHandlerMethodMapping.java:636)
	at org.springframework.web.servlet.handler.AbstractHandlerMethodMapping.registerHandlerMethod(AbstractHandlerMethodMapping.java:331)
	at org.springframework.web.servlet.mvc.method.annotation.RequestMappingHandlerMapping.registerHandlerMethod(RequestMappingHandlerMapping.java:508)
	at org.springframework.web.servlet.mvc.method.annotation.RequestMappingHandlerMapping.registerHandlerMethod(RequestMappingHandlerMapping.java:84)
	at org.springframework.web.servlet.handler.AbstractHandlerMethodMapping.lambda$detectHandlerMethods$2(AbstractHandlerMethodMapping.java:298)
	at java.base/java.util.LinkedHashMap.forEach(LinkedHashMap.java:986)
	at org.springframework.web.servlet.handler.AbstractHandlerMethodMapping.detectHandlerMethods(AbstractHandlerMethodMapping.java:296)
	at org.springframework.web.servlet.handler.AbstractHandlerMethodMapping.processCandidateBean(AbstractHandlerMethodMapping.java:265)
	at org.springframework.web.servlet.handler.AbstractHandlerMethodMapping.initHandlerMethods(AbstractHandlerMethodMapping.java:224)
	at org.springframework.web.servlet.handler.AbstractHandlerMethodMapping.afterPropertiesSet(AbstractHandlerMethodMapping.java:212)
	at org.springframework.web.servlet.mvc.method.annotation.RequestMappingHandlerMapping.afterPropertiesSet(RequestMappingHandlerMapping.java:239)
	at org.springframework.beans.factory.support.AbstractAutowireCapableBeanFactory.invokeInitMethods(AbstractAutowireCapableBeanFactory.java:1833)
	at org.springframework.beans.factory.support.AbstractAutowireCapableBeanFactory.initializeBean(AbstractAutowireCapableBeanFactory.java:1782)
	... 54 common frames omitted
2025-11-06 18:05:34 [main] INFO  c.e.bugbounty.BugbountyApplication - Starting BugbountyApplication using Java 21.0.9-ea with PID 558104 (/home/edson/bug-bounty-tcc/backend/target/classes started by edson in /home/edson/bug-bounty-tcc/backend)
2025-11-06 18:05:34 [main] DEBUG c.e.bugbounty.BugbountyApplication - Running with Spring Boot v3.2.5, Spring v6.1.6
2025-11-06 18:05:34 [main] INFO  c.e.bugbounty.BugbountyApplication - No active profile set, falling back to 1 default profile: "default"
2025-11-06 18:05:36 [main] INFO  o.s.d.r.c.RepositoryConfigurationDelegate - Bootstrapping Spring Data JPA repositories in DEFAULT mode.
2025-11-06 18:05:36 [main] INFO  o.s.d.r.c.RepositoryConfigurationDelegate - Finished Spring Data repository scanning in 93 ms. Found 4 JPA repository interfaces.
2025-11-06 18:05:37 [main] INFO  o.s.b.w.e.tomcat.TomcatWebServer - Tomcat initialized with port 8080 (http)
2025-11-06 18:05:37 [main] INFO  o.a.catalina.core.StandardService - Starting service [Tomcat]
2025-11-06 18:05:37 [main] INFO  o.a.catalina.core.StandardEngine - Starting Servlet engine: [Apache Tomcat/10.1.20]
2025-11-06 18:05:37 [main] INFO  o.a.c.c.C.[Tomcat].[localhost].[/] - Initializing Spring embedded WebApplicationContext
2025-11-06 18:05:37 [main] INFO  o.s.b.w.s.c.ServletWebServerApplicationContext - Root WebApplicationContext: initialization completed in 2274 ms
2025-11-06 18:05:37 [main] INFO  com.zaxxer.hikari.HikariDataSource - HikariPool-1 - Starting...
2025-11-06 18:05:37 [main] INFO  com.zaxxer.hikari.pool.HikariPool - HikariPool-1 - Added connection org.postgresql.jdbc.PgConnection@37775bb1
2025-11-06 18:05:37 [main] INFO  com.zaxxer.hikari.HikariDataSource - HikariPool-1 - Start completed.
2025-11-06 18:05:38 [main] INFO  o.h.jpa.internal.util.LogHelper - HHH000204: Processing PersistenceUnitInfo [name: default]
2025-11-06 18:05:38 [main] INFO  org.hibernate.Version - HHH000412: Hibernate ORM core version 6.4.4.Final
2025-11-06 18:05:38 [main] INFO  o.h.c.i.RegionFactoryInitiator - HHH000026: Second-level cache disabled
2025-11-06 18:05:38 [main] INFO  o.s.o.j.p.SpringPersistenceUnitInfo - No LoadTimeWeaver setup: ignoring JPA class transformer
2025-11-06 18:05:38 [main] WARN  org.hibernate.orm.deprecation - HHH90000025: PostgreSQLDialect does not need to be specified explicitly using 'hibernate.dialect' (remove the property setting and it will be selected by default)
2025-11-06 18:05:38 [main] DEBUG o.h.t.d.sql.spi.DdlTypeRegistry - addDescriptor(2003, org.hibernate.type.descriptor.sql.internal.ArrayDdlTypeImpl@30c8c6ab) replaced previous registration(org.hibernate.type.descriptor.sql.internal.ArrayDdlTypeImpl@bcfe29c)
2025-11-06 18:05:38 [main] DEBUG o.h.t.d.sql.spi.DdlTypeRegistry - addDescriptor(6, org.hibernate.type.descriptor.sql.internal.CapacityDependentDdlType@37f71c05) replaced previous registration(org.hibernate.type.descriptor.sql.internal.DdlTypeImpl@5bd3ca3c)
2025-11-06 18:05:40 [main] INFO  o.h.e.t.j.p.i.JtaPlatformInitiator - HHH000489: No JTA platform available (set 'hibernate.transaction.jta.platform' to enable JTA platform integration)
2025-11-06 18:05:40 [main] INFO  o.s.o.j.LocalContainerEntityManagerFactoryBean - Initialized JPA EntityManagerFactory for persistence unit 'default'
2025-11-06 18:05:40 [main] INFO  c.e.b.service.VulnerabilityService - VulnerabilityService inicializado com 130 testes
2025-11-06 18:05:40 [main] INFO  c.example.bugbounty.config.AppConfig - ✅ Registrando WebSocket no endpoint /ws
2025-11-06 18:05:41 [main] WARN  o.s.b.a.o.j.JpaBaseConfiguration$JpaWebConfiguration - spring.jpa.open-in-view is enabled by default. Therefore, database queries may be performed during view rendering. Explicitly configure spring.jpa.open-in-view to disable this warning
2025-11-06 18:05:41 [main] WARN  o.s.b.w.s.c.AnnotationConfigServletWebServerApplicationContext - Exception encountered during context initialization - cancelling refresh attempt: org.springframework.beans.factory.BeanCreationException: Error creating bean with name 'securityFilterChain' defined in class path resource [com/example/bugbounty/config/SecurityConfig.class]: Failed to instantiate [org.springframework.security.web.SecurityFilterChain]: Factory method 'securityFilterChain' threw exception with message: Error creating bean with name 'mvcHandlerMappingIntrospector' defined in class path resource [org/springframework/boot/autoconfigure/web/servlet/WebMvcAutoConfiguration$EnableWebMvcConfiguration.class]: Error creating bean with name 'requestMappingHandlerMapping' defined in class path resource [org/springframework/boot/autoconfigure/web/servlet/WebMvcAutoConfiguration$EnableWebMvcConfiguration.class]: Ambiguous mapping. Cannot map 'unifiedVulnerabilityController' method 
com.example.bugbounty.controller.UnifiedVulnerabilityController#getCompletedLabs()
to {GET [/api/labs/completed]}: There is already 'labController' bean method
com.example.bugbounty.controller.LabController#getCompletedLabs() mapped.
2025-11-06 18:05:41 [main] INFO  o.s.o.j.LocalContainerEntityManagerFactoryBean - Closing JPA EntityManagerFactory for persistence unit 'default'
2025-11-06 18:05:41 [main] INFO  com.zaxxer.hikari.HikariDataSource - HikariPool-1 - Shutdown initiated...
2025-11-06 18:05:41 [main] INFO  com.zaxxer.hikari.HikariDataSource - HikariPool-1 - Shutdown completed.
2025-11-06 18:05:41 [main] INFO  o.a.catalina.core.StandardService - Stopping service [Tomcat]
2025-11-06 18:05:41 [main] INFO  o.s.b.a.l.ConditionEvaluationReportLogger - 

Error starting ApplicationContext. To display the condition evaluation report re-run your application with 'debug' enabled.
2025-11-06 18:05:41 [main] ERROR o.s.boot.SpringApplication - Application run failed
org.springframework.beans.factory.BeanCreationException: Error creating bean with name 'securityFilterChain' defined in class path resource [com/example/bugbounty/config/SecurityConfig.class]: Failed to instantiate [org.springframework.security.web.SecurityFilterChain]: Factory method 'securityFilterChain' threw exception with message: Error creating bean with name 'mvcHandlerMappingIntrospector' defined in class path resource [org/springframework/boot/autoconfigure/web/servlet/WebMvcAutoConfiguration$EnableWebMvcConfiguration.class]: Error creating bean with name 'requestMappingHandlerMapping' defined in class path resource [org/springframework/boot/autoconfigure/web/servlet/WebMvcAutoConfiguration$EnableWebMvcConfiguration.class]: Ambiguous mapping. Cannot map 'unifiedVulnerabilityController' method 
com.example.bugbounty.controller.UnifiedVulnerabilityController#getCompletedLabs()
to {GET [/api/labs/completed]}: There is already 'labController' bean method
com.example.bugbounty.controller.LabController#getCompletedLabs() mapped.
	at org.springframework.beans.factory.support.ConstructorResolver.instantiate(ConstructorResolver.java:648)
	at org.springframework.beans.factory.support.ConstructorResolver.instantiateUsingFactoryMethod(ConstructorResolver.java:636)
	at org.springframework.beans.factory.support.AbstractAutowireCapableBeanFactory.instantiateUsingFactoryMethod(AbstractAutowireCapableBeanFactory.java:1335)
	at org.springframework.beans.factory.support.AbstractAutowireCapableBeanFactory.createBeanInstance(AbstractAutowireCapableBeanFactory.java:1165)
	at org.springframework.beans.factory.support.AbstractAutowireCapableBeanFactory.doCreateBean(AbstractAutowireCapableBeanFactory.java:562)
	at org.springframework.beans.factory.support.AbstractAutowireCapableBeanFactory.createBean(AbstractAutowireCapableBeanFactory.java:522)
	at org.springframework.beans.factory.support.AbstractBeanFactory.lambda$doGetBean$0(AbstractBeanFactory.java:326)
	at org.springframework.beans.factory.support.DefaultSingletonBeanRegistry.getSingleton(DefaultSingletonBeanRegistry.java:234)
	at org.springframework.beans.factory.support.AbstractBeanFactory.doGetBean(AbstractBeanFactory.java:324)
	at org.springframework.beans.factory.support.AbstractBeanFactory.getBean(AbstractBeanFactory.java:200)
	at org.springframework.beans.factory.support.DefaultListableBeanFactory.preInstantiateSingletons(DefaultListableBeanFactory.java:975)
	at org.springframework.context.support.AbstractApplicationContext.finishBeanFactoryInitialization(AbstractApplicationContext.java:962)
	at org.springframework.context.support.AbstractApplicationContext.refresh(AbstractApplicationContext.java:624)
	at org.springframework.boot.web.servlet.context.ServletWebServerApplicationContext.refresh(ServletWebServerApplicationContext.java:146)
	at org.springframework.boot.SpringApplication.refresh(SpringApplication.java:754)
	at org.springframework.boot.SpringApplication.refreshContext(SpringApplication.java:456)
	at org.springframework.boot.SpringApplication.run(SpringApplication.java:334)
	at org.springframework.boot.SpringApplication.run(SpringApplication.java:1354)
	at org.springframework.boot.SpringApplication.run(SpringApplication.java:1343)
	at com.example.bugbounty.BugbountyApplication.main(BugbountyApplication.java:9)
Caused by: org.springframework.beans.BeanInstantiationException: Failed to instantiate [org.springframework.security.web.SecurityFilterChain]: Factory method 'securityFilterChain' threw exception with message: Error creating bean with name 'mvcHandlerMappingIntrospector' defined in class path resource [org/springframework/boot/autoconfigure/web/servlet/WebMvcAutoConfiguration$EnableWebMvcConfiguration.class]: Error creating bean with name 'requestMappingHandlerMapping' defined in class path resource [org/springframework/boot/autoconfigure/web/servlet/WebMvcAutoConfiguration$EnableWebMvcConfiguration.class]: Ambiguous mapping. Cannot map 'unifiedVulnerabilityController' method 
com.example.bugbounty.controller.UnifiedVulnerabilityController#getCompletedLabs()
to {GET [/api/labs/completed]}: There is already 'labController' bean method
com.example.bugbounty.controller.LabController#getCompletedLabs() mapped.
	at org.springframework.beans.factory.support.SimpleInstantiationStrategy.instantiate(SimpleInstantiationStrategy.java:177)
	at org.springframework.beans.factory.support.ConstructorResolver.instantiate(ConstructorResolver.java:644)
	... 19 common frames omitted
Caused by: org.springframework.beans.factory.BeanCreationException: Error creating bean with name 'mvcHandlerMappingIntrospector' defined in class path resource [org/springframework/boot/autoconfigure/web/servlet/WebMvcAutoConfiguration$EnableWebMvcConfiguration.class]: Error creating bean with name 'requestMappingHandlerMapping' defined in class path resource [org/springframework/boot/autoconfigure/web/servlet/WebMvcAutoConfiguration$EnableWebMvcConfiguration.class]: Ambiguous mapping. Cannot map 'unifiedVulnerabilityController' method 
com.example.bugbounty.controller.UnifiedVulnerabilityController#getCompletedLabs()
to {GET [/api/labs/completed]}: There is already 'labController' bean method
com.example.bugbounty.controller.LabController#getCompletedLabs() mapped.
	at org.springframework.beans.factory.support.AbstractAutowireCapableBeanFactory.initializeBean(AbstractAutowireCapableBeanFactory.java:1786)
	at org.springframework.beans.factory.support.AbstractAutowireCapableBeanFactory.doCreateBean(AbstractAutowireCapableBeanFactory.java:600)
	at org.springframework.beans.factory.support.AbstractAutowireCapableBeanFactory.createBean(AbstractAutowireCapableBeanFactory.java:522)
	at org.springframework.beans.factory.support.AbstractBeanFactory.lambda$doGetBean$0(AbstractBeanFactory.java:326)
	at org.springframework.beans.factory.support.DefaultSingletonBeanRegistry.getSingleton(DefaultSingletonBeanRegistry.java:234)
	at org.springframework.beans.factory.support.AbstractBeanFactory.doGetBean(AbstractBeanFactory.java:324)
	at org.springframework.beans.factory.support.AbstractBeanFactory.getBean(AbstractBeanFactory.java:205)
	at org.springframework.context.support.AbstractApplicationContext.getBean(AbstractApplicationContext.java:1240)
	at org.springframework.security.config.annotation.web.AbstractRequestMatcherRegistry.createMvcMatchers(AbstractRequestMatcherRegistry.java:119)
	at org.springframework.security.config.annotation.web.AbstractRequestMatcherRegistry.requestMatchers(AbstractRequestMatcherRegistry.java:210)
	at org.springframework.security.config.annotation.web.AbstractRequestMatcherRegistry.requestMatchers(AbstractRequestMatcherRegistry.java:368)
	at com.example.bugbounty.config.SecurityConfig.lambda$securityFilterChain$2(SecurityConfig.java:35)
	at org.springframework.security.config.annotation.web.builders.HttpSecurity.authorizeHttpRequests(HttpSecurity.java:1467)
	at com.example.bugbounty.config.SecurityConfig.securityFilterChain(SecurityConfig.java:34)
	at com.example.bugbounty.config.SecurityConfig$$SpringCGLIB$$0.CGLIB$securityFilterChain$1(<generated>)
	at com.example.bugbounty.config.SecurityConfig$$SpringCGLIB$$FastClass$$1.invoke(<generated>)
	at org.springframework.cglib.proxy.MethodProxy.invokeSuper(MethodProxy.java:258)
	at org.springframework.context.annotation.ConfigurationClassEnhancer$BeanMethodInterceptor.intercept(ConfigurationClassEnhancer.java:331)
	at com.example.bugbounty.config.SecurityConfig$$SpringCGLIB$$0.securityFilterChain(<generated>)
	at java.base/jdk.internal.reflect.DirectMethodHandleAccessor.invoke(DirectMethodHandleAccessor.java:103)
	at java.base/java.lang.reflect.Method.invoke(Method.java:580)
	at org.springframework.beans.factory.support.SimpleInstantiationStrategy.instantiate(SimpleInstantiationStrategy.java:140)
	... 20 common frames omitted
Caused by: org.springframework.beans.factory.BeanCreationException: Error creating bean with name 'requestMappingHandlerMapping' defined in class path resource [org/springframework/boot/autoconfigure/web/servlet/WebMvcAutoConfiguration$EnableWebMvcConfiguration.class]: Ambiguous mapping. Cannot map 'unifiedVulnerabilityController' method 
com.example.bugbounty.controller.UnifiedVulnerabilityController#getCompletedLabs()
to {GET [/api/labs/completed]}: There is already 'labController' bean method
com.example.bugbounty.controller.LabController#getCompletedLabs() mapped.
	at org.springframework.beans.factory.support.AbstractAutowireCapableBeanFactory.initializeBean(AbstractAutowireCapableBeanFactory.java:1786)
	at org.springframework.beans.factory.support.AbstractAutowireCapableBeanFactory.doCreateBean(AbstractAutowireCapableBeanFactory.java:600)
	at org.springframework.beans.factory.support.AbstractAutowireCapableBeanFactory.createBean(AbstractAutowireCapableBeanFactory.java:522)
	at org.springframework.beans.factory.support.AbstractBeanFactory.lambda$doGetBean$0(AbstractBeanFactory.java:326)
	at org.springframework.beans.factory.support.DefaultSingletonBeanRegistry.getSingleton(DefaultSingletonBeanRegistry.java:234)
	at org.springframework.beans.factory.support.AbstractBeanFactory.doGetBean(AbstractBeanFactory.java:324)
	at org.springframework.beans.factory.support.AbstractBeanFactory.getBean(AbstractBeanFactory.java:200)
	at org.springframework.beans.factory.support.DefaultListableBeanFactory.getBeansOfType(DefaultListableBeanFactory.java:665)
	at org.springframework.context.support.AbstractApplicationContext.getBeansOfType(AbstractApplicationContext.java:1388)
	at org.springframework.beans.factory.BeanFactoryUtils.beansOfTypeIncludingAncestors(BeanFactoryUtils.java:368)
	at org.springframework.web.servlet.handler.HandlerMappingIntrospector.initHandlerMappings(HandlerMappingIntrospector.java:130)
	at org.springframework.web.servlet.handler.HandlerMappingIntrospector.afterPropertiesSet(HandlerMappingIntrospector.java:118)
	at org.springframework.beans.factory.support.AbstractAutowireCapableBeanFactory.invokeInitMethods(AbstractAutowireCapableBeanFactory.java:1833)
	at org.springframework.beans.factory.support.AbstractAutowireCapableBeanFactory.initializeBean(AbstractAutowireCapableBeanFactory.java:1782)
	... 41 common frames omitted
Caused by: java.lang.IllegalStateException: Ambiguous mapping. Cannot map 'unifiedVulnerabilityController' method 
com.example.bugbounty.controller.UnifiedVulnerabilityController#getCompletedLabs()
to {GET [/api/labs/completed]}: There is already 'labController' bean method
com.example.bugbounty.controller.LabController#getCompletedLabs() mapped.
	at org.springframework.web.servlet.handler.AbstractHandlerMethodMapping$MappingRegistry.validateMethodMapping(AbstractHandlerMethodMapping.java:674)
	at org.springframework.web.servlet.handler.AbstractHandlerMethodMapping$MappingRegistry.register(AbstractHandlerMethodMapping.java:636)
	at org.springframework.web.servlet.handler.AbstractHandlerMethodMapping.registerHandlerMethod(AbstractHandlerMethodMapping.java:331)
	at org.springframework.web.servlet.mvc.method.annotation.RequestMappingHandlerMapping.registerHandlerMethod(RequestMappingHandlerMapping.java:508)
	at org.springframework.web.servlet.mvc.method.annotation.RequestMappingHandlerMapping.registerHandlerMethod(RequestMappingHandlerMapping.java:84)
	at org.springframework.web.servlet.handler.AbstractHandlerMethodMapping.lambda$detectHandlerMethods$2(AbstractHandlerMethodMapping.java:298)
	at java.base/java.util.LinkedHashMap.forEach(LinkedHashMap.java:986)
	at org.springframework.web.servlet.handler.AbstractHandlerMethodMapping.detectHandlerMethods(AbstractHandlerMethodMapping.java:296)
	at org.springframework.web.servlet.handler.AbstractHandlerMethodMapping.processCandidateBean(AbstractHandlerMethodMapping.java:265)
	at org.springframework.web.servlet.handler.AbstractHandlerMethodMapping.initHandlerMethods(AbstractHandlerMethodMapping.java:224)
	at org.springframework.web.servlet.handler.AbstractHandlerMethodMapping.afterPropertiesSet(AbstractHandlerMethodMapping.java:212)
	at org.springframework.web.servlet.mvc.method.annotation.RequestMappingHandlerMapping.afterPropertiesSet(RequestMappingHandlerMapping.java:239)
	at org.springframework.beans.factory.support.AbstractAutowireCapableBeanFactory.invokeInitMethods(AbstractAutowireCapableBeanFactory.java:1833)
	at org.springframework.beans.factory.support.AbstractAutowireCapableBeanFactory.initializeBean(AbstractAutowireCapableBeanFactory.java:1782)
	... 54 common frames omitted
2025-11-06 18:07:51 [main] INFO  c.e.bugbounty.BugbountyApplication - Starting BugbountyApplication using Java 21.0.9-ea with PID 562231 (/home/edson/bug-bounty-tcc/backend/target/classes started by edson in /home/edson/bug-bounty-tcc/backend)
2025-11-06 18:07:51 [main] DEBUG c.e.bugbounty.BugbountyApplication - Running with Spring Boot v3.2.5, Spring v6.1.6
2025-11-06 18:07:51 [main] INFO  c.e.bugbounty.BugbountyApplication - No active profile set, falling back to 1 default profile: "default"
2025-11-06 18:07:53 [main] INFO  o.s.d.r.c.RepositoryConfigurationDelegate - Bootstrapping Spring Data JPA repositories in DEFAULT mode.
2025-11-06 18:07:53 [main] INFO  o.s.d.r.c.RepositoryConfigurationDelegate - Finished Spring Data repository scanning in 102 ms. Found 4 JPA repository interfaces.
2025-11-06 18:07:54 [main] INFO  o.s.b.w.e.tomcat.TomcatWebServer - Tomcat initialized with port 8080 (http)
2025-11-06 18:07:54 [main] INFO  o.a.catalina.core.StandardService - Starting service [Tomcat]
2025-11-06 18:07:54 [main] INFO  o.a.catalina.core.StandardEngine - Starting Servlet engine: [Apache Tomcat/10.1.20]
2025-11-06 18:07:54 [main] INFO  o.a.c.c.C.[Tomcat].[localhost].[/] - Initializing Spring embedded WebApplicationContext
2025-11-06 18:07:54 [main] INFO  o.s.b.w.s.c.ServletWebServerApplicationContext - Root WebApplicationContext: initialization completed in 2572 ms
2025-11-06 18:07:54 [main] INFO  com.zaxxer.hikari.HikariDataSource - HikariPool-1 - Starting...
2025-11-06 18:07:54 [main] INFO  com.zaxxer.hikari.pool.HikariPool - HikariPool-1 - Added connection org.postgresql.jdbc.PgConnection@78c74647
2025-11-06 18:07:54 [main] INFO  com.zaxxer.hikari.HikariDataSource - HikariPool-1 - Start completed.
2025-11-06 18:07:55 [main] INFO  o.h.jpa.internal.util.LogHelper - HHH000204: Processing PersistenceUnitInfo [name: default]
2025-11-06 18:07:55 [main] INFO  org.hibernate.Version - HHH000412: Hibernate ORM core version 6.4.4.Final
2025-11-06 18:07:55 [main] INFO  o.h.c.i.RegionFactoryInitiator - HHH000026: Second-level cache disabled
2025-11-06 18:07:55 [main] INFO  o.s.o.j.p.SpringPersistenceUnitInfo - No LoadTimeWeaver setup: ignoring JPA class transformer
2025-11-06 18:07:55 [main] WARN  org.hibernate.orm.deprecation - HHH90000025: PostgreSQLDialect does not need to be specified explicitly using 'hibernate.dialect' (remove the property setting and it will be selected by default)
2025-11-06 18:07:55 [main] DEBUG o.h.t.d.sql.spi.DdlTypeRegistry - addDescriptor(2003, org.hibernate.type.descriptor.sql.internal.ArrayDdlTypeImpl@39514976) replaced previous registration(org.hibernate.type.descriptor.sql.internal.ArrayDdlTypeImpl@7bdb4f17)
2025-11-06 18:07:55 [main] DEBUG o.h.t.d.sql.spi.DdlTypeRegistry - addDescriptor(6, org.hibernate.type.descriptor.sql.internal.CapacityDependentDdlType@77856cc5) replaced previous registration(org.hibernate.type.descriptor.sql.internal.DdlTypeImpl@1fbd5e0)
2025-11-06 18:07:57 [main] INFO  o.h.e.t.j.p.i.JtaPlatformInitiator - HHH000489: No JTA platform available (set 'hibernate.transaction.jta.platform' to enable JTA platform integration)
2025-11-06 18:07:57 [main] INFO  o.s.o.j.LocalContainerEntityManagerFactoryBean - Initialized JPA EntityManagerFactory for persistence unit 'default'
2025-11-06 18:07:57 [main] INFO  c.e.b.service.VulnerabilityService - VulnerabilityService inicializado com 130 testes
2025-11-06 18:07:57 [main] INFO  c.example.bugbounty.config.AppConfig - ✅ Registrando WebSocket no endpoint /ws
2025-11-06 18:07:58 [main] WARN  o.s.b.a.o.j.JpaBaseConfiguration$JpaWebConfiguration - spring.jpa.open-in-view is enabled by default. Therefore, database queries may be performed during view rendering. Explicitly configure spring.jpa.open-in-view to disable this warning
2025-11-06 18:07:58 [main] INFO  o.s.s.web.DefaultSecurityFilterChain - Will secure any request with [org.springframework.security.web.session.DisableEncodeUrlFilter@2b8f5aa4, org.springframework.security.web.context.request.async.WebAsyncManagerIntegrationFilter@7d0e46dd, org.springframework.security.web.context.SecurityContextHolderFilter@1f41f259, org.springframework.security.web.header.HeaderWriterFilter@64faf3d, org.springframework.web.filter.CorsFilter@318353, org.springframework.security.web.authentication.logout.LogoutFilter@cd9ce76, org.springframework.security.web.savedrequest.RequestCacheAwareFilter@4a9d6eb9, org.springframework.security.web.servletapi.SecurityContextHolderAwareRequestFilter@157a2c86, org.springframework.security.web.authentication.AnonymousAuthenticationFilter@2cd6fae8, org.springframework.security.web.access.ExceptionTranslationFilter@31ce271c, org.springframework.security.web.access.intercept.AuthorizationFilter@5da16ed6]
2025-11-06 18:07:58 [main] INFO  o.s.b.w.e.tomcat.TomcatWebServer - Tomcat started on port 8080 (http) with context path ''
2025-11-06 18:07:58 [main] INFO  c.e.bugbounty.BugbountyApplication - Started BugbountyApplication in 8.287 seconds (process running for 8.772)
2025-11-06 18:29:12 [SpringApplicationShutdownHook] INFO  o.s.o.j.LocalContainerEntityManagerFactoryBean - Closing JPA EntityManagerFactory for persistence unit 'default'
2025-11-06 18:29:12 [SpringApplicationShutdownHook] INFO  com.zaxxer.hikari.HikariDataSource - HikariPool-1 - Shutdown initiated...
2025-11-06 18:29:12 [SpringApplicationShutdownHook] INFO  com.zaxxer.hikari.HikariDataSource - HikariPool-1 - Shutdown completed.
2025-11-06 18:29:50 [main] INFO  c.e.bugbounty.BugbountyApplication - Starting BugbountyApplication using Java 21.0.9-ea with PID 596646 (/home/edson/bug-bounty-tcc/backend/target/classes started by edson in /home/edson/bug-bounty-tcc/backend)
2025-11-06 18:29:50 [main] DEBUG c.e.bugbounty.BugbountyApplication - Running with Spring Boot v3.2.5, Spring v6.1.6
2025-11-06 18:29:50 [main] INFO  c.e.bugbounty.BugbountyApplication - No active profile set, falling back to 1 default profile: "default"
2025-11-06 18:29:51 [main] INFO  o.s.d.r.c.RepositoryConfigurationDelegate - Bootstrapping Spring Data JPA repositories in DEFAULT mode.
2025-11-06 18:29:52 [main] INFO  o.s.d.r.c.RepositoryConfigurationDelegate - Finished Spring Data repository scanning in 141 ms. Found 4 JPA repository interfaces.
2025-11-06 18:29:52 [main] INFO  o.s.b.w.e.tomcat.TomcatWebServer - Tomcat initialized with port 8080 (http)
2025-11-06 18:29:52 [main] INFO  o.a.catalina.core.StandardService - Starting service [Tomcat]
2025-11-06 18:29:52 [main] INFO  o.a.catalina.core.StandardEngine - Starting Servlet engine: [Apache Tomcat/10.1.20]
2025-11-06 18:29:52 [main] INFO  o.a.c.c.C.[Tomcat].[localhost].[/] - Initializing Spring embedded WebApplicationContext
2025-11-06 18:29:52 [main] INFO  o.s.b.w.s.c.ServletWebServerApplicationContext - Root WebApplicationContext: initialization completed in 2741 ms
2025-11-06 18:29:53 [main] INFO  com.zaxxer.hikari.HikariDataSource - HikariPool-1 - Starting...
2025-11-06 18:29:53 [main] INFO  com.zaxxer.hikari.pool.HikariPool - HikariPool-1 - Added connection org.postgresql.jdbc.PgConnection@203e705e
2025-11-06 18:29:53 [main] INFO  com.zaxxer.hikari.HikariDataSource - HikariPool-1 - Start completed.
2025-11-06 18:29:54 [main] INFO  o.h.jpa.internal.util.LogHelper - HHH000204: Processing PersistenceUnitInfo [name: default]
2025-11-06 18:29:54 [main] INFO  org.hibernate.Version - HHH000412: Hibernate ORM core version 6.4.4.Final
2025-11-06 18:29:54 [main] INFO  o.h.c.i.RegionFactoryInitiator - HHH000026: Second-level cache disabled
2025-11-06 18:29:55 [main] INFO  o.s.o.j.p.SpringPersistenceUnitInfo - No LoadTimeWeaver setup: ignoring JPA class transformer
2025-11-06 18:29:55 [main] WARN  org.hibernate.orm.deprecation - HHH90000025: PostgreSQLDialect does not need to be specified explicitly using 'hibernate.dialect' (remove the property setting and it will be selected by default)
2025-11-06 18:29:55 [main] DEBUG o.h.t.d.sql.spi.DdlTypeRegistry - addDescriptor(2003, org.hibernate.type.descriptor.sql.internal.ArrayDdlTypeImpl@1fbd5e0) replaced previous registration(org.hibernate.type.descriptor.sql.internal.ArrayDdlTypeImpl@32d22650)
2025-11-06 18:29:55 [main] DEBUG o.h.t.d.sql.spi.DdlTypeRegistry - addDescriptor(6, org.hibernate.type.descriptor.sql.internal.CapacityDependentDdlType@135064ea) replaced previous registration(org.hibernate.type.descriptor.sql.internal.DdlTypeImpl@4f6fd101)
2025-11-06 18:29:56 [main] INFO  o.h.e.t.j.p.i.JtaPlatformInitiator - HHH000489: No JTA platform available (set 'hibernate.transaction.jta.platform' to enable JTA platform integration)
2025-11-06 18:29:56 [main] INFO  o.s.o.j.LocalContainerEntityManagerFactoryBean - Initialized JPA EntityManagerFactory for persistence unit 'default'
2025-11-06 18:29:57 [main] INFO  c.e.b.service.VulnerabilityService - VulnerabilityService inicializado com 130 testes
2025-11-06 18:29:57 [main] INFO  c.example.bugbounty.config.AppConfig - ✅ Registrando WebSocket no endpoint /ws
2025-11-06 18:29:57 [main] WARN  o.s.b.a.o.j.JpaBaseConfiguration$JpaWebConfiguration - spring.jpa.open-in-view is enabled by default. Therefore, database queries may be performed during view rendering. Explicitly configure spring.jpa.open-in-view to disable this warning
2025-11-06 18:29:58 [main] INFO  o.s.s.web.DefaultSecurityFilterChain - Will secure any request with [org.springframework.security.web.session.DisableEncodeUrlFilter@2b8f5aa4, org.springframework.security.web.context.request.async.WebAsyncManagerIntegrationFilter@7d0e46dd, org.springframework.security.web.context.SecurityContextHolderFilter@1f41f259, org.springframework.security.web.header.HeaderWriterFilter@64faf3d, org.springframework.web.filter.CorsFilter@318353, org.springframework.security.web.authentication.logout.LogoutFilter@cd9ce76, org.springframework.security.web.savedrequest.RequestCacheAwareFilter@4a9d6eb9, org.springframework.security.web.servletapi.SecurityContextHolderAwareRequestFilter@157a2c86, org.springframework.security.web.authentication.AnonymousAuthenticationFilter@2cd6fae8, org.springframework.security.web.access.ExceptionTranslationFilter@31ce271c, org.springframework.security.web.access.intercept.AuthorizationFilter@5da16ed6]
2025-11-06 18:29:58 [main] INFO  o.s.b.w.e.tomcat.TomcatWebServer - Tomcat started on port 8080 (http) with context path ''
2025-11-06 18:29:58 [main] INFO  c.e.bugbounty.BugbountyApplication - Started BugbountyApplication in 9.344 seconds (process running for 9.93)
2025-11-06 18:31:04 [http-nio-8080-exec-2] INFO  o.a.c.c.C.[Tomcat].[localhost].[/] - Initializing Spring DispatcherServlet 'dispatcherServlet'
2025-11-06 18:31:04 [http-nio-8080-exec-2] INFO  o.s.web.servlet.DispatcherServlet - Initializing Servlet 'dispatcherServlet'
2025-11-06 18:31:04 [http-nio-8080-exec-2] INFO  o.s.web.servlet.DispatcherServlet - Completed initialization in 4 ms
2025-11-06 18:31:05 [http-nio-8080-exec-4] DEBUG c.e.b.s.CustomUserDetailsService - 🟡 Carregando UserDetails para: zz
2025-11-06 18:31:05 [http-nio-8080-exec-3] DEBUG c.e.b.s.CustomUserDetailsService - 🟡 Carregando UserDetails para: zz
2025-11-06 18:31:06 [http-nio-8080-exec-3] DEBUG org.hibernate.SQL - 
    select
        u1_0.id,
        u1_0.email,
        u1_0.enabled,
        u1_0.mfa_enabled,
        u1_0.mfa_secret,
        u1_0.password,
        u1_0.recovery_codes,
        u1_0.reset_token,
        u1_0.reset_token_expiry,
        u1_0.username 
    from
        users u1_0 
    where
        u1_0.username=?
2025-11-06 18:31:06 [http-nio-8080-exec-4] DEBUG org.hibernate.SQL - 
    select
        u1_0.id,
        u1_0.email,
        u1_0.enabled,
        u1_0.mfa_enabled,
        u1_0.mfa_secret,
        u1_0.password,
        u1_0.recovery_codes,
        u1_0.reset_token,
        u1_0.reset_token_expiry,
        u1_0.username 
    from
        users u1_0 
    where
        u1_0.username=?
2025-11-06 18:31:06 [http-nio-8080-exec-3] DEBUG org.hibernate.SQL - 
    select
        u1_0.id,
        u1_0.email,
        u1_0.enabled,
        u1_0.mfa_enabled,
        u1_0.mfa_secret,
        u1_0.password,
        u1_0.recovery_codes,
        u1_0.reset_token,
        u1_0.reset_token_expiry,
        u1_0.username 
    from
        users u1_0 
    where
        u1_0.username=?
2025-11-06 18:31:06 [http-nio-8080-exec-4] DEBUG org.hibernate.SQL - 
    select
        u1_0.id,
        u1_0.email,
        u1_0.enabled,
        u1_0.mfa_enabled,
        u1_0.mfa_secret,
        u1_0.password,
        u1_0.recovery_codes,
        u1_0.reset_token,
        u1_0.reset_token_expiry,
        u1_0.username 
    from
        users u1_0 
    where
        u1_0.username=?
2025-11-06 18:42:41 [SpringApplicationShutdownHook] INFO  o.s.o.j.LocalContainerEntityManagerFactoryBean - Closing JPA EntityManagerFactory for persistence unit 'default'
2025-11-06 18:42:41 [SpringApplicationShutdownHook] INFO  com.zaxxer.hikari.HikariDataSource - HikariPool-1 - Shutdown initiated...
2025-11-06 18:42:41 [SpringApplicationShutdownHook] INFO  com.zaxxer.hikari.HikariDataSource - HikariPool-1 - Shutdown completed.
2025-11-06 18:42:56 [main] INFO  c.e.bugbounty.BugbountyApplication - Starting BugbountyApplication using Java 21.0.9-ea with PID 617635 (/home/edson/bug-bounty-tcc/backend/target/classes started by edson in /home/edson/bug-bounty-tcc/backend)
2025-11-06 18:42:56 [main] DEBUG c.e.bugbounty.BugbountyApplication - Running with Spring Boot v3.2.5, Spring v6.1.6
2025-11-06 18:42:56 [main] INFO  c.e.bugbounty.BugbountyApplication - No active profile set, falling back to 1 default profile: "default"
2025-11-06 18:42:57 [main] INFO  o.s.d.r.c.RepositoryConfigurationDelegate - Bootstrapping Spring Data JPA repositories in DEFAULT mode.
2025-11-06 18:42:57 [main] INFO  o.s.d.r.c.RepositoryConfigurationDelegate - Finished Spring Data repository scanning in 93 ms. Found 4 JPA repository interfaces.
2025-11-06 18:42:58 [main] INFO  o.s.b.w.e.tomcat.TomcatWebServer - Tomcat initialized with port 8080 (http)
2025-11-06 18:42:58 [main] INFO  o.a.catalina.core.StandardService - Starting service [Tomcat]
2025-11-06 18:42:58 [main] INFO  o.a.catalina.core.StandardEngine - Starting Servlet engine: [Apache Tomcat/10.1.20]
2025-11-06 18:42:58 [main] INFO  o.a.c.c.C.[Tomcat].[localhost].[/] - Initializing Spring embedded WebApplicationContext
2025-11-06 18:42:58 [main] INFO  o.s.b.w.s.c.ServletWebServerApplicationContext - Root WebApplicationContext: initialization completed in 1858 ms
2025-11-06 18:42:58 [main] INFO  com.zaxxer.hikari.HikariDataSource - HikariPool-1 - Starting...
2025-11-06 18:42:59 [main] INFO  com.zaxxer.hikari.pool.HikariPool - HikariPool-1 - Added connection org.postgresql.jdbc.PgConnection@6aae0e6f
2025-11-06 18:42:59 [main] INFO  com.zaxxer.hikari.HikariDataSource - HikariPool-1 - Start completed.
2025-11-06 18:42:59 [main] INFO  o.h.jpa.internal.util.LogHelper - HHH000204: Processing PersistenceUnitInfo [name: default]
2025-11-06 18:42:59 [main] INFO  org.hibernate.Version - HHH000412: Hibernate ORM core version 6.4.4.Final
2025-11-06 18:42:59 [main] INFO  o.h.c.i.RegionFactoryInitiator - HHH000026: Second-level cache disabled
2025-11-06 18:42:59 [main] INFO  o.s.o.j.p.SpringPersistenceUnitInfo - No LoadTimeWeaver setup: ignoring JPA class transformer
2025-11-06 18:42:59 [main] WARN  org.hibernate.orm.deprecation - HHH90000025: PostgreSQLDialect does not need to be specified explicitly using 'hibernate.dialect' (remove the property setting and it will be selected by default)
2025-11-06 18:42:59 [main] DEBUG o.h.t.d.sql.spi.DdlTypeRegistry - addDescriptor(2003, org.hibernate.type.descriptor.sql.internal.ArrayDdlTypeImpl@7d18338b) replaced previous registration(org.hibernate.type.descriptor.sql.internal.ArrayDdlTypeImpl@3f4a605f)
2025-11-06 18:42:59 [main] DEBUG o.h.t.d.sql.spi.DdlTypeRegistry - addDescriptor(6, org.hibernate.type.descriptor.sql.internal.CapacityDependentDdlType@30c8c6ab) replaced previous registration(org.hibernate.type.descriptor.sql.internal.DdlTypeImpl@bcfe29c)
2025-11-06 18:43:00 [main] INFO  o.h.e.t.j.p.i.JtaPlatformInitiator - HHH000489: No JTA platform available (set 'hibernate.transaction.jta.platform' to enable JTA platform integration)
2025-11-06 18:43:00 [main] INFO  o.s.o.j.LocalContainerEntityManagerFactoryBean - Initialized JPA EntityManagerFactory for persistence unit 'default'
2025-11-06 18:43:01 [main] INFO  c.e.b.service.VulnerabilityService - VulnerabilityService inicializado com 130 testes
2025-11-06 18:43:01 [main] INFO  c.example.bugbounty.config.AppConfig - ✅ Registrando WebSocket no endpoint /ws
2025-11-06 18:43:01 [main] WARN  o.s.b.a.o.j.JpaBaseConfiguration$JpaWebConfiguration - spring.jpa.open-in-view is enabled by default. Therefore, database queries may be performed during view rendering. Explicitly configure spring.jpa.open-in-view to disable this warning
2025-11-06 18:43:01 [main] INFO  o.s.s.web.DefaultSecurityFilterChain - Will secure any request with [org.springframework.security.web.session.DisableEncodeUrlFilter@74597c37, org.springframework.security.web.context.request.async.WebAsyncManagerIntegrationFilter@cd9ce76, org.springframework.security.web.context.SecurityContextHolderFilter@4f70b659, org.springframework.security.web.header.HeaderWriterFilter@1e5921ec, org.springframework.web.filter.CorsFilter@421c057a, org.springframework.security.web.authentication.logout.LogoutFilter@17e323fd, org.springframework.security.web.savedrequest.RequestCacheAwareFilter@73ba3c4b, org.springframework.security.web.servletapi.SecurityContextHolderAwareRequestFilter@304933cb, org.springframework.security.web.authentication.AnonymousAuthenticationFilter@16448827, org.springframework.security.web.access.ExceptionTranslationFilter@2b551e7b, org.springframework.security.web.access.intercept.AuthorizationFilter@3dd8b40e]
2025-11-06 18:43:02 [main] INFO  o.s.b.w.e.tomcat.TomcatWebServer - Tomcat started on port 8080 (http) with context path ''
2025-11-06 18:43:02 [main] INFO  c.e.bugbounty.BugbountyApplication - Started BugbountyApplication in 6.093 seconds (process running for 6.429)
2025-11-06 18:43:11 [http-nio-8080-exec-1] INFO  o.a.c.c.C.[Tomcat].[localhost].[/] - Initializing Spring DispatcherServlet 'dispatcherServlet'
2025-11-06 18:43:11 [http-nio-8080-exec-1] INFO  o.s.web.servlet.DispatcherServlet - Initializing Servlet 'dispatcherServlet'
2025-11-06 18:43:11 [http-nio-8080-exec-1] INFO  o.s.web.servlet.DispatcherServlet - Completed initialization in 2 ms
2025-11-06 18:43:11 [http-nio-8080-exec-4] DEBUG c.e.b.s.CustomUserDetailsService - 🟡 Carregando UserDetails para: zz
2025-11-06 18:43:11 [http-nio-8080-exec-3] DEBUG c.e.b.s.CustomUserDetailsService - 🟡 Carregando UserDetails para: zz
2025-11-06 18:43:11 [http-nio-8080-exec-4] DEBUG org.hibernate.SQL - 
    select
        u1_0.id,
        u1_0.email,
        u1_0.enabled,
        u1_0.mfa_enabled,
        u1_0.mfa_secret,
        u1_0.password,
        u1_0.recovery_codes,
        u1_0.reset_token,
        u1_0.reset_token_expiry,
        u1_0.username 
    from
        users u1_0 
    where
        u1_0.username=?
2025-11-06 18:43:11 [http-nio-8080-exec-3] DEBUG org.hibernate.SQL - 
    select
        u1_0.id,
        u1_0.email,
        u1_0.enabled,
        u1_0.mfa_enabled,
        u1_0.mfa_secret,
        u1_0.password,
        u1_0.recovery_codes,
        u1_0.reset_token,
        u1_0.reset_token_expiry,
        u1_0.username 
    from
        users u1_0 
    where
        u1_0.username=?
2025-11-06 18:43:11 [http-nio-8080-exec-4] DEBUG org.hibernate.SQL - 
    select
        u1_0.id,
        u1_0.email,
        u1_0.enabled,
        u1_0.mfa_enabled,
        u1_0.mfa_secret,
        u1_0.password,
        u1_0.recovery_codes,
        u1_0.reset_token,
        u1_0.reset_token_expiry,
        u1_0.username 
    from
        users u1_0 
    where
        u1_0.username=?
2025-11-06 18:43:11 [http-nio-8080-exec-3] DEBUG org.hibernate.SQL - 
    select
        u1_0.id,
        u1_0.email,
        u1_0.enabled,
        u1_0.mfa_enabled,
        u1_0.mfa_secret,
        u1_0.password,
        u1_0.recovery_codes,
        u1_0.reset_token,
        u1_0.reset_token_expiry,
        u1_0.username 
    from
        users u1_0 
    where
        u1_0.username=?
2025-11-06 18:43:12 [http-nio-8080-exec-7] DEBUG org.hibernate.SQL - 
    select
        l1_0.id,
        l1_0.code,
        l1_0.completed,
        l1_0.name 
    from
        labs l1_0
2025-11-06 18:43:12 [http-nio-8080-exec-8] DEBUG org.hibernate.SQL - 
    select
        l1_0.id,
        l1_0.code,
        l1_0.completed,
        l1_0.name 
    from
        labs l1_0
2025-11-06 18:43:28 [http-nio-8080-exec-2] DEBUG org.hibernate.SQL - 
    select
        j1_0.id,
        j1_0.created_at,
        j1_0.description,
        j1_0.impact,
        j1_0.reportPath,
        j1_0.severity,
        j1_0.status,
        j1_0.targetUrl,
        j1_0.vulnerabilityType 
    from
        jobs j1_0
2025-11-06 18:43:28 [http-nio-8080-exec-4] DEBUG org.hibernate.SQL - 
    select
        j1_0.id,
        j1_0.created_at,
        j1_0.description,
        j1_0.impact,
        j1_0.reportPath,
        j1_0.severity,
        j1_0.status,
        j1_0.targetUrl,
        j1_0.vulnerabilityType 
    from
        jobs j1_0
2025-11-06 18:43:40 [SpringApplicationShutdownHook] INFO  o.s.o.j.LocalContainerEntityManagerFactoryBean - Closing JPA EntityManagerFactory for persistence unit 'default'
2025-11-06 18:43:40 [SpringApplicationShutdownHook] INFO  com.zaxxer.hikari.HikariDataSource - HikariPool-1 - Shutdown initiated...
2025-11-06 18:43:40 [SpringApplicationShutdownHook] INFO  com.zaxxer.hikari.HikariDataSource - HikariPool-1 - Shutdown completed.
